<?xml version="1.0" encoding="UTF-8"?>
<!-- Generated by org.testng.reporters.JUnitXMLReporter -->
<testsuite hostname="DESKTOP-LD3FSV6" ignored="0" name="Surefire test" tests="6" failures="0" timestamp="2020-07-23T20:04:54 PDT" time="0.095" errors="0">
  <testcase name="IOSApp" time="0.009" classname="com.testing.sample.AppiumTest"/>
  <testcase name="androidApp" time="0.0" classname="com.testing.sample.AppiumTest"/>
  <testcase name="deleteTwitter" time="0.0" classname="com.testing.sample.RestAssuredTest"/>
  <testcase name="postJira" time="0.001" classname="com.testing.sample.RestAssuredTest"/>
  <testcase name="browsingTesting" time="0.001" classname="com.testing.sample.SeleniumTest"/>
  <testcase name="element" time="0.001" classname="com.testing.sample.SeleniumTest"/>
</testsuite> <!-- Surefire test -->
