<?xml version="1.0" encoding="UTF-8"?>
<!-- Generated by org.testng.reporters.JUnitXMLReporter -->
<testsuite hostname="DESKTOP-LD3FSV6" name="Test" tests="4" failures="0" timestamp="24 Jul 2020 05:45:26 GMT" time="0.091" errors="0">
  <testcase name="IOSApp" time="0.035" classname="quickacademy.AppiumTest"/>
  <testcase name="androidApp" time="0.003" classname="quickacademy.AppiumTest"/>
  <testcase name="deleteTwitter" time="0.002" classname="quickacademy.RestAssuredTest"/>
  <testcase name="postJira" time="0.001" classname="quickacademy.RestAssuredTest"/>
</testsuite> <!-- Test -->
