<?xml version="1.0" encoding="UTF-8"?>
<testng-results skipped="0" failed="0" ignored="0" total="6" passed="6">
  <reporter-output>
  </reporter-output>
  <suite name="Surefire suite" duration-ms="95" started-at="2020-07-23T20:04:53 PDT" finished-at="2020-07-23T20:04:54 PDT">
    <groups>
    </groups>
    <test name="Surefire test" duration-ms="95" started-at="2020-07-23T20:04:53 PDT" finished-at="2020-07-23T20:04:54 PDT">
      <class name="com.testing.sample.AppiumTest">
        <test-method status="PASS" signature="IOSApp()[pri:0, instance:com.testing.sample.AppiumTest@617faa95]" name="IOSApp" duration-ms="9" started-at="2020-07-23T20:04:54 PDT" finished-at="2020-07-23T20:04:54 PDT">
          <reporter-output>
          </reporter-output>
        </test-method> <!-- IOSApp -->
        <test-method status="PASS" signature="androidApp()[pri:0, instance:com.testing.sample.AppiumTest@617faa95]" name="androidApp" duration-ms="0" started-at="2020-07-23T20:04:54 PDT" finished-at="2020-07-23T20:04:54 PDT">
          <reporter-output>
          </reporter-output>
        </test-method> <!-- androidApp -->
      </class> <!-- com.testing.sample.AppiumTest -->
      <class name="com.testing.sample.RestAssuredTest">
        <test-method status="PASS" signature="deleteTwitter()[pri:0, instance:com.testing.sample.RestAssuredTest@1e127982]" name="deleteTwitter" duration-ms="0" started-at="2020-07-23T20:04:54 PDT" finished-at="2020-07-23T20:04:54 PDT">
          <reporter-output>
          </reporter-output>
        </test-method> <!-- deleteTwitter -->
        <test-method status="PASS" signature="postJira()[pri:0, instance:com.testing.sample.RestAssuredTest@1e127982]" name="postJira" duration-ms="1" started-at="2020-07-23T20:04:54 PDT" finished-at="2020-07-23T20:04:54 PDT">
          <reporter-output>
          </reporter-output>
        </test-method> <!-- postJira -->
      </class> <!-- com.testing.sample.RestAssuredTest -->
      <class name="com.testing.sample.SeleniumTest">
        <test-method status="PASS" signature="browsingTesting()[pri:0, instance:com.testing.sample.SeleniumTest@60c6f5b]" name="browsingTesting" duration-ms="1" started-at="2020-07-23T20:04:54 PDT" finished-at="2020-07-23T20:04:54 PDT">
          <reporter-output>
          </reporter-output>
        </test-method> <!-- browsingTesting -->
        <test-method status="PASS" signature="element()[pri:0, instance:com.testing.sample.SeleniumTest@60c6f5b]" name="element" duration-ms="1" started-at="2020-07-23T20:04:54 PDT" finished-at="2020-07-23T20:04:54 PDT">
          <reporter-output>
          </reporter-output>
        </test-method> <!-- element -->
      </class> <!-- com.testing.sample.SeleniumTest -->
    </test> <!-- Surefire test -->
  </suite> <!-- Surefire suite -->
</testng-results>
